<?xml version="1.0" encoding="UTF-8"?>
<testng-results ignored="0" total="4" passed="4" failed="0" skipped="0">
  <reporter-output>
  </reporter-output>
  <suite started-at="2021-01-21T03:23:25Z" name="Default suite" finished-at="2021-01-21T03:23:29Z" duration-ms="3814">
    <groups>
    </groups>
    <test started-at="2021-01-21T03:23:25Z" name="Default test" finished-at="2021-01-21T03:23:29Z" duration-ms="3814">
      <class name="com.api_with_testng.ManualToAutomationWithTestng">
        <test-method is-config="true" signature="setup()[pri:0, instance:com.api_with_testng.ManualToAutomationWithTestng@268c030f]" started-at="2021-01-21T03:23:25Z" name="setup" finished-at="2021-01-21T03:23:28Z" duration-ms="2734" status="PASS">
          <reporter-output>
          </reporter-output>
        </test-method> <!-- setup -->
        <test-method signature="dataCheck()[pri:0, instance:com.api_with_testng.ManualToAutomationWithTestng@268c030f]" started-at="2021-01-21T03:23:28Z" name="dataCheck" finished-at="2021-01-21T03:23:28Z" duration-ms="11" status="PASS">
          <reporter-output>
          </reporter-output>
        </test-method> <!-- dataCheck -->
        <test-method signature="statusValue()[pri:0, instance:com.api_with_testng.ManualToAutomationWithTestng@268c030f]" started-at="2021-01-21T03:23:28Z" name="statusValue" finished-at="2021-01-21T03:23:29Z" depends-on-methods="com.api_with_testng.ManualToAutomationWithTestng.dataCheck" duration-ms="1033" status="PASS">
          <reporter-output>
          </reporter-output>
        </test-method> <!-- statusValue -->
        <test-method signature="dataFormat()[pri:0, instance:com.api_with_testng.ManualToAutomationWithTestng@268c030f]" started-at="2021-01-21T03:23:29Z" name="dataFormat" finished-at="2021-01-21T03:23:29Z" depends-on-methods="com.api_with_testng.ManualToAutomationWithTestng.statusValue" duration-ms="1" status="PASS">
          <reporter-output>
          </reporter-output>
        </test-method> <!-- dataFormat -->
        <test-method signature="statusCode()[pri:0, instance:com.api_with_testng.ManualToAutomationWithTestng@268c030f]" started-at="2021-01-21T03:23:29Z" name="statusCode" finished-at="2021-01-21T03:23:29Z" depends-on-methods="com.api_with_testng.ManualToAutomationWithTestng.dataFormat" duration-ms="2" status="PASS">
          <reporter-output>
          </reporter-output>
        </test-method> <!-- statusCode -->
      </class> <!-- com.api_with_testng.ManualToAutomationWithTestng -->
    </test> <!-- Default test -->
  </suite> <!-- Default suite -->
</testng-results>
