<?xml version="1.0" encoding="UTF-8"?>
<!-- Generated by org.testng.reporters.JUnitXMLReporter -->
<testsuite ignored="0" hostname="DESKTOP-HPB8113" failures="0" tests="4" name="Default test" time="3.814" errors="0" timestamp="21 Jan 2021 03:23:29 GMT">
  <testcase classname="com.api_with_testng.ManualToAutomationWithTestng" name="dataCheck" time="0.011"/>
  <testcase classname="com.api_with_testng.ManualToAutomationWithTestng" name="statusValue" time="1.033"/>
  <testcase classname="com.api_with_testng.ManualToAutomationWithTestng" name="dataFormat" time="0.001"/>
  <testcase classname="com.api_with_testng.ManualToAutomationWithTestng" name="statusCode" time="0.002"/>
</testsuite> <!-- Default test -->
